#-----------------------------------------------------------
# Vivado v2020.2 (64-bit)
# SW Build 3064766 on Wed Nov 18 09:12:45 MST 2020
# IP Build 3064653 on Wed Nov 18 14:17:31 MST 2020
# Start of session at: Mon Jan  2 15:23:41 2023
# Process ID: 15400
# Current directory: C:/Users/Umar/Decoder
# Command line: vivado.exe -gui_launcher_event rodinguilauncherevent20616 C:\Users\Umar\Decoder\Decoder.xpr
# Log file: C:/Users/Umar/Decoder/vivado.log
# Journal file: C:/Users/Umar/Decoder\vivado.jou
#-----------------------------------------------------------
start_gui
open_project C:/Users/Umar/Decoder/Decoder.xpr
WARNING: [filemgmt 56-3] Default IP Output Path : Could not find the directory 'C:/Users/Umar/Decoder/Decoder.gen/sources_1'.
Scanning sources...
Finished scanning sources
INFO: [IP_Flow 19-234] Refreshing IP repositories
INFO: [IP_Flow 19-1704] No user IP repositories specified
INFO: [IP_Flow 19-2313] Loaded Vivado IP repository 'C:/Xilinx/Vivado/2020.2/data/ip'.
open_project: Time (s): cpu = 00:00:24 ; elapsed = 00:00:11 . Memory (MB): peak = 1088.727 ; gain = 0.000
update_compile_order -fileset sources_1
set_property is_enabled false [get_files  C:/Users/Umar/Decoder/Decoder.srcs/sources_1/new/ThreeToEight_decoder.v]
file mkdir C:/Users/Umar/Decoder/Decoder.srcs/constrs_1
file mkdir C:/Users/Umar/Decoder/Decoder.srcs/constrs_1/new
close [ open C:/Users/Umar/Decoder/Decoder.srcs/constrs_1/new/constraintF.xdc w ]
add_files -fileset constrs_1 C:/Users/Umar/Decoder/Decoder.srcs/constrs_1/new/constraintF.xdc
close [ open C:/Users/Umar/Decoder/Decoder.srcs/sources_1/new/lights_of_decoder.v w ]
add_files C:/Users/Umar/Decoder/Decoder.srcs/sources_1/new/lights_of_decoder.v
update_compile_order -fileset sources_1
update_compile_order -fileset sources_1
close [ open C:/Users/Umar/Decoder/Decoder.srcs/constrs_1/new/constraintFile.xdc w ]
add_files -fileset constrs_1 C:/Users/Umar/Decoder/Decoder.srcs/constrs_1/new/constraintFile.xdc
export_ip_user_files -of_objects  [get_files C:/Users/Umar/Decoder/Decoder.srcs/constrs_1/new/constraintFile.xdc] -no_script -reset -force -quiet
remove_files  -fileset constrs_1 C:/Users/Umar/Decoder/Decoder.srcs/constrs_1/new/constraintFile.xdc
reset_run synth_1
launch_runs synth_1 -jobs 4
[Mon Jan  2 15:58:15 2023] Launched synth_1...
Run output will be captured here: C:/Users/Umar/Decoder/Decoder.runs/synth_1/runme.log
launch_runs impl_1 -jobs 4
[Mon Jan  2 15:59:52 2023] Launched impl_1...
Run output will be captured here: C:/Users/Umar/Decoder/Decoder.runs/impl_1/runme.log
launch_runs impl_1 -to_step write_bitstream -jobs 4
[Mon Jan  2 16:01:42 2023] Launched impl_1...
Run output will be captured here: C:/Users/Umar/Decoder/Decoder.runs/impl_1/runme.log
open_hw_manager
connect_hw_server -allow_non_jtag
INFO: [Labtools 27-2285] Connecting to hw_server url TCP:localhost:3121
INFO: [Labtools 27-2222] Launching hw_server...
INFO: [Labtools 27-2221] Launch Output:

****** Xilinx hw_server v2020.2
  **** Build date : Nov 18 2020 at 10:01:48
    ** Copyright 1986-2020 Xilinx, Inc. All Rights Reserved.


INFO: [Labtools 27-3415] Connecting to cs_server url TCP:localhost:3042
INFO: [Labtools 27-3417] Launching cs_server...
INFO: [Labtools 27-2221] Launch Output:


******** Xilinx cs_server v2020.2
  ****** Build date   : Nov 04 2020-02:02:56
    **** Build number : 2020.2.1604437376
      ** Copyright 2017-2020 Xilinx, Inc. All Rights Reserved.



connect_hw_server: Time (s): cpu = 00:00:01 ; elapsed = 00:00:14 . Memory (MB): peak = 1088.727 ; gain = 0.000
open_hw_target
INFO: [Labtoolstcl 44-466] Opening hw_target localhost:3121/xilinx_tcf/Digilent/210292ABF69BA
open_hw_target: Time (s): cpu = 00:00:08 ; elapsed = 00:00:08 . Memory (MB): peak = 2622.680 ; gain = 1533.953
set_property PROGRAM.FILE {C:/Users/Umar/Decoder/Decoder.runs/impl_1/lights_of_decoder.bit} [get_hw_devices xc7a100t_0]
current_hw_device [get_hw_devices xc7a100t_0]
refresh_hw_device -update_hw_probes false [lindex [get_hw_devices xc7a100t_0] 0]
INFO: [Labtools 27-1434] Device xc7a100t (JTAG device index = 0) is programmed with a design that has no supported debug core(s) in it.
set_property PROBES.FILE {} [get_hw_devices xc7a100t_0]
set_property FULL_PROBES.FILE {} [get_hw_devices xc7a100t_0]
set_property PROGRAM.FILE {C:/Users/Umar/Decoder/Decoder.runs/impl_1/lights_of_decoder.bit} [get_hw_devices xc7a100t_0]
program_hw_devices [get_hw_devices xc7a100t_0]
INFO: [Labtools 27-3164] End of startup status: HIGH
refresh_hw_device [lindex [get_hw_devices xc7a100t_0] 0]
INFO: [Labtools 27-1434] Device xc7a100t (JTAG device index = 0) is programmed with a design that has no supported debug core(s) in it.
ERROR: [Labtoolstcl 44-513] HW Target shutdown. Closing target: localhost:3121/xilinx_tcf/Digilent/210292ABF69BA
reset_run synth_1
launch_runs synth_1 -jobs 4
[Mon Jan  2 16:11:11 2023] Launched synth_1...
Run output will be captured here: C:/Users/Umar/Decoder/Decoder.runs/synth_1/runme.log
launch_runs impl_1 -jobs 4
[Mon Jan  2 16:13:16 2023] Launched impl_1...
Run output will be captured here: C:/Users/Umar/Decoder/Decoder.runs/impl_1/runme.log
reset_run synth_1
launch_runs synth_1 -jobs 4
[Mon Jan  2 16:16:08 2023] Launched synth_1...
Run output will be captured here: C:/Users/Umar/Decoder/Decoder.runs/synth_1/runme.log
launch_runs impl_1 -jobs 4
[Mon Jan  2 16:17:12 2023] Launched impl_1...
Run output will be captured here: C:/Users/Umar/Decoder/Decoder.runs/impl_1/runme.log
launch_runs impl_1 -to_step write_bitstream -jobs 4
[Mon Jan  2 16:18:48 2023] Launched impl_1...
Run output will be captured here: C:/Users/Umar/Decoder/Decoder.runs/impl_1/runme.log
INFO: [Labtoolstcl 44-466] Opening hw_target localhost:3121/xilinx_tcf/Digilent/210292ABF69BA
INFO: [Labtools 27-1435] Device xc7a100t (JTAG device index = 0) is not programmed (DONE status = 0).
WARNING: [Labtoolstcl 44-129] No matching hw_ila_data was found.
set_property PROBES.FILE {} [get_hw_devices xc7a100t_0]
set_property FULL_PROBES.FILE {} [get_hw_devices xc7a100t_0]
set_property PROGRAM.FILE {C:/Users/Umar/Decoder/Decoder.runs/impl_1/lights_of_decoder.bit} [get_hw_devices xc7a100t_0]
program_hw_devices [get_hw_devices xc7a100t_0]
INFO: [Labtools 27-3164] End of startup status: HIGH
refresh_hw_device [lindex [get_hw_devices xc7a100t_0] 0]
INFO: [Labtools 27-1434] Device xc7a100t (JTAG device index = 0) is programmed with a design that has no supported debug core(s) in it.
set_property PROBES.FILE {} [get_hw_devices xc7a100t_0]
set_property FULL_PROBES.FILE {} [get_hw_devices xc7a100t_0]
set_property PROGRAM.FILE {C:/Users/Umar/Decoder/Decoder.runs/impl_1/lights_of_decoder.bit} [get_hw_devices xc7a100t_0]
program_hw_devices [get_hw_devices xc7a100t_0]
INFO: [Labtools 27-3164] End of startup status: HIGH
refresh_hw_device [lindex [get_hw_devices xc7a100t_0] 0]
INFO: [Labtools 27-1434] Device xc7a100t (JTAG device index = 0) is programmed with a design that has no supported debug core(s) in it.
ERROR: [Labtoolstcl 44-513] HW Target shutdown. Closing target: localhost:3121/xilinx_tcf/Digilent/210292ABF69BA
INFO: [Labtoolstcl 44-466] Opening hw_target localhost:3121/xilinx_tcf/Digilent/210292ABF69BA
INFO: [Labtools 27-1435] Device xc7a100t (JTAG device index = 0) is not programmed (DONE status = 0).
WARNING: [Labtoolstcl 44-129] No matching hw_ila_data was found.
set_property PROBES.FILE {} [get_hw_devices xc7a100t_0]
set_property FULL_PROBES.FILE {} [get_hw_devices xc7a100t_0]
set_property PROGRAM.FILE {C:/Users/Umar/Decoder/Decoder.runs/impl_1/lights_of_decoder.bit} [get_hw_devices xc7a100t_0]
program_hw_devices [get_hw_devices xc7a100t_0]
INFO: [Labtools 27-3164] End of startup status: HIGH
refresh_hw_device [lindex [get_hw_devices xc7a100t_0] 0]
INFO: [Labtools 27-1434] Device xc7a100t (JTAG device index = 0) is programmed with a design that has no supported debug core(s) in it.
ERROR: [Labtoolstcl 44-513] HW Target shutdown. Closing target: localhost:3121/xilinx_tcf/Digilent/210292ABF69BA
exit
INFO: [Common 17-206] Exiting Vivado at Mon Jan  2 16:50:30 2023...
